make: Entering directory '/home/liamzwbao/CLionProjects/CS-APP3e/shlab'
./sdriver.pl -t trace01.txt -s ./tsh -a "-p"
#
# trace01.txt - Properly terminate on EOF.
#
./sdriver.pl -t trace02.txt -s ./tsh -a "-p"
#
# trace02.txt - Process builtin quit command.
#
./sdriver.pl -t trace03.txt -s ./tsh -a "-p"
#
# trace03.txt - Run a foreground job.
#
tsh> quit
./sdriver.pl -t trace04.txt -s ./tsh -a "-p"
#
# trace04.txt - Run a background job.
#
tsh> ./myspin 1 &
[1] (9394) ./myspin 1 &
./sdriver.pl -t trace05.txt -s ./tsh -a "-p"
#
# trace05.txt - Process jobs builtin command.
#
tsh> ./myspin 2 &
[1] (9429) ./myspin 2 &
tsh> ./myspin 3 &
[2] (9431) ./myspin 3 &
tsh> jobs
[1] (9429) Running ./myspin 2 &
[2] (9431) Running ./myspin 3 &
./sdriver.pl -t trace06.txt -s ./tsh -a "-p"
#
# trace06.txt - Forward SIGINT to foreground job.
#
tsh> ./myspin 4
Job [1] (25411) terminated by signal 2
./sdriver.pl -t trace07.txt -s ./tsh -a "-p"
#
# trace07.txt - Forward SIGINT only to foreground job.
#
tsh> ./myspin 4 &
[1] (25685) ./myspin 4 &
tsh> ./myspin 5
Job [2] (25687) terminated by signal 2
tsh> jobs
[1] (25685) Running ./myspin 4 &
./sdriver.pl -t trace08.txt -s ./tsh -a "-p"
#
# trace08.txt - Forward SIGTSTP only to foreground job.
#
tsh> ./myspin 4 &
[1] (9572) ./myspin 4 &
tsh> ./myspin 5
Job [2] (9574) stopped by signal 20
tsh> jobs
[1] (9572) Running ./myspin 4 &
[2] (9574) Stopped ./myspin 5
./sdriver.pl -t trace09.txt -s ./tsh -a "-p"
#
# trace09.txt - Process bg builtin command
#
tsh> ./myspin 4 &
[1] (9641) ./myspin 4 &
tsh> ./myspin 5
Job [2] (9643) stopped by signal 20
tsh> jobs
[1] (9641) Running ./myspin 4 &
[2] (9643) Stopped ./myspin 5
tsh> bg %2
[2] (9643) ./myspin 5
tsh> jobs
[1] (9641) Running ./myspin 4 &
[2] (9643) Running ./myspin 5
./sdriver.pl -t trace10.txt -s ./tsh -a "-p"
#
# trace10.txt - Process fg builtin command.
#
tsh> ./myspin 4 &
[1] (9710) ./myspin 4 &
tsh> fg %1
Job [1] (9710) stopped by signal 20
tsh> jobs
[1] (9710) Stopped ./myspin 4 &
tsh> fg %1
tsh> jobs
./sdriver.pl -t trace11.txt -s ./tsh -a "-p"
#
# trace11.txt - Forward SIGINT to every process in foreground process group
#
tsh> ./mysplit 4
Job [1] (25835) terminated by signal 2
tsh> /bin/ps a
PID TTY      STAT   TIME COMMAND
9019 pts/1    Ss+    0:00 /bin/bash --rcfile /home/liamzwbao/.cache/JetBrains/RemoteDev/dist/d665901452acc_CLion-2023.2/plugins/terminal/shell-integrations/bash/bash-integration.bash -i
./sdriver.pl -t trace12.txt -s ./tsh -a "-p"
#
# trace12.txt - Forward SIGTSTP to every process in foreground process group
#
tsh> ./mysplit 4
Job [1] (9846) stopped by signal 20
tsh> jobs
[1] (9846) Stopped ./mysplit 4
tsh> /bin/ps a
PID TTY      STAT   TIME COMMAND
9019 pts/1    Ss+    0:00 /bin/bash --rcfile /home/liamzwbao/.cache/JetBrains/RemoteDev/dist/d665901452acc_CLion-2023.2/plugins/terminal/shell-integrations/bash/bash-integration.bash -i
./sdriver.pl -t trace13.txt -s ./tsh -a "-p"
#
# trace13.txt - Restart every stopped process in process group
#
tsh> ./mysplit 4
Job [1] (9903) stopped by signal 20
tsh> jobs
[1] (9903) Stopped ./mysplit 4
tsh> /bin/ps a
PID TTY      STAT   TIME COMMAND
9019 pts/1    Ss+    0:00 /bin/bash --rcfile /home/liamzwbao/.cache/JetBrains/RemoteDev/dist/d665901452acc_CLion-2023.2/plugins/terminal/shell-integrations/bash/bash-integration.bash -i
        tsh> fg %1
tsh> /bin/ps a
PID TTY      STAT   TIME COMMAND
9019 pts/1    Ss+    0:00 /bin/bash --rcfile /home/liamzwbao/.cache/JetBrains/RemoteDev/dist/d665901452acc_CLion-2023.2/plugins/terminal/shell-integrations/bash/bash-integration.bash -i
./sdriver.pl -t trace14.txt -s ./tsh -a "-p"
#
# trace14.txt - Simple error handling
#
tsh> ./bogus
./bogus: Command not found
        tsh> ./myspin 4 &
[1] (9988) ./myspin 4 &
tsh> fg
        fg command requires PID or %jobid argument
tsh> bg
        bg command requires PID or %jobid argument
tsh> fg a
fg: argument must be a PID or %jobid
        tsh> bg a
bg: argument must be a PID or %jobid
        tsh> fg 9999999
(9999999): No such process
        tsh> bg 9999999
(9999999): No such process
        tsh> fg %2
%2: No such job
        tsh> fg %1
Job [1] (9988) stopped by signal 20
tsh> bg %2
%2: No such job
        tsh> bg %1
[1] (9988) ./myspin 4 &
tsh> jobs
[1] (9988) Running ./myspin 4 &
./sdriver.pl -t trace15.txt -s ./tsh -a "-p"
#
# trace15.txt - Putting it all together
#
tsh> ./bogus
./bogus: Command not found
        tsh> ./myspin 10
Job [1] (25986) terminated by signal 2
tsh> ./myspin 3 &
[1] (26000) ./myspin 3 &
tsh> ./myspin 4 &
[2] (26002) ./myspin 4 &
tsh> jobs
[1] (26000) Running ./myspin 3 &
[2] (26002) Running ./myspin 4 &
tsh> fg %1
Job [1] (26000) stopped by signal 20
tsh> jobs
[1] (26000) Stopped ./myspin 3 &
[2] (26002) Running ./myspin 4 &
tsh> bg %3
%3: No such job
        tsh> bg %1
[1] (26000) ./myspin 3 &
tsh> jobs
[1] (26000) Running ./myspin 3 &
[2] (26002) Running ./myspin 4 &
tsh> fg %1
tsh> quit
./sdriver.pl -t trace16.txt -s ./tsh -a "-p"
#
# trace16.txt - Tests whether the shell can handle SIGTSTP and SIGINT
#     signals that come from other processes instead of the terminal.
#
tsh> ./mystop 2
Job [1] (26072) stopped by signal 20
tsh> jobs
[1] (26072) Stopped ./mystop 2
tsh> ./myint 2
Job [2] (26092) terminated by signal 2
make: Leaving directory '/home/liamzwbao/CLionProjects/CS-APP3e/shlab'
